\BOOKMARK [1][-]{section.0}{Include}{}% 1
\BOOKMARK [1][-]{section.1}{Math}{}% 2
\BOOKMARK [2][-]{subsection.1.1}{Prime}{section.1}% 3
\BOOKMARK [3][-]{subsubsection.1.1.1}{Eratosthenes\040Sieve}{subsection.1.1}% 4
\BOOKMARK [3][-]{subsubsection.1.1.2}{Eular\040Sieve}{subsection.1.1}% 5
\BOOKMARK [3][-]{subsubsection.1.1.3}{Prime\040Factorization}{subsection.1.1}% 6
\BOOKMARK [3][-]{subsubsection.1.1.4}{Miller\040Rabin}{subsection.1.1}% 7
\BOOKMARK [3][-]{subsubsection.1.1.5}{Segment\040Sieve}{subsection.1.1}% 8
\BOOKMARK [2][-]{subsection.1.2}{Eular\040phi}{section.1}% 9
\BOOKMARK [3][-]{subsubsection.1.2.1}{Eular}{subsection.1.2}% 10
\BOOKMARK [3][-]{subsubsection.1.2.2}{Sieve}{subsection.1.2}% 11
\BOOKMARK [2][-]{subsection.1.3}{Basic\040Number\040Theory}{section.1}% 12
\BOOKMARK [3][-]{subsubsection.1.3.1}{Extended\040Euclidean}{subsection.1.3}% 13
\BOOKMARK [3][-]{subsubsection.1.3.2}{ax+by=c}{subsection.1.3}% 14
\BOOKMARK [3][-]{subsubsection.1.3.3}{Multiplicative\040Inverse\040Modulo}{subsection.1.3}% 15
\BOOKMARK [2][-]{subsection.1.4}{Modulo\040Linear\040Equation}{section.1}% 16
\BOOKMARK [3][-]{subsubsection.1.4.1}{Chinese\040Remainder\040Theory}{subsection.1.4}% 17
\BOOKMARK [3][-]{subsubsection.1.4.2}{ExCRT}{subsection.1.4}% 18
\BOOKMARK [2][-]{subsection.1.5}{Combinatorics}{section.1}% 19
\BOOKMARK [3][-]{subsubsection.1.5.1}{Combination}{subsection.1.5}% 20
\BOOKMARK [3][-]{subsubsection.1.5.2}{Lucas}{subsection.1.5}% 21
\BOOKMARK [3][-]{subsubsection.1.5.3}{Big\040Combination}{subsection.1.5}% 22
\BOOKMARK [3][-]{subsubsection.1.5.4}{Polya}{subsection.1.5}% 23
\BOOKMARK [2][-]{subsection.1.6}{Fast\040Power}{section.1}% 24
\BOOKMARK [2][-]{subsection.1.7}{Mobius\040Inversion}{section.1}% 25
\BOOKMARK [3][-]{subsubsection.1.7.1}{Mobius}{subsection.1.7}% 26
\BOOKMARK [3][-]{subsubsection.1.7.2}{Number\040of\040Coprime-pair}{subsection.1.7}% 27
\BOOKMARK [3][-]{subsubsection.1.7.3}{VisibleTrees}{subsection.1.7}% 28
\BOOKMARK [2][-]{subsection.1.8}{Fast\040Transformation}{section.1}% 29
\BOOKMARK [3][-]{subsubsection.1.8.1}{FFT}{subsection.1.8}% 30
\BOOKMARK [2][-]{subsection.1.9}{Others}{section.1}% 31
\BOOKMARK [3][-]{subsubsection.1.9.1}{Digit}{subsection.1.9}% 32
\BOOKMARK [3][-]{subsubsection.1.9.2}{Josephus}{subsection.1.9}% 33
\BOOKMARK [2][-]{subsection.1.10}{Formula}{section.1}% 34
\BOOKMARK [1][-]{section.2}{String\040Processing}{}% 35
\BOOKMARK [2][-]{subsection.2.1}{KMP}{section.2}% 36
\BOOKMARK [2][-]{subsection.2.2}{ExtendKMP}{section.2}% 37
\BOOKMARK [2][-]{subsection.2.3}{Manacher}{section.2}% 38
\BOOKMARK [2][-]{subsection.2.4}{Aho-Corasick\040Automaton}{section.2}% 39
\BOOKMARK [2][-]{subsection.2.5}{Suffix\040Array}{section.2}% 40
\BOOKMARK [1][-]{section.3}{Data\040Structure}{}% 41
\BOOKMARK [2][-]{subsection.3.1}{Binary\040Indexed\040Tree}{section.3}% 42
\BOOKMARK [2][-]{subsection.3.2}{Segment\040Tree}{section.3}% 43
\BOOKMARK [3][-]{subsubsection.3.2.1}{Single-point\040Update}{subsection.3.2}% 44
\BOOKMARK [3][-]{subsubsection.3.2.2}{Interval\040Update}{subsection.3.2}% 45
\BOOKMARK [2][-]{subsection.3.3}{Partition\040Tree}{section.3}% 46
\BOOKMARK [2][-]{subsection.3.4}{Functional\040Segment\040Tree}{section.3}% 47
\BOOKMARK [2][-]{subsection.3.5}{RMQ}{section.3}% 48
\BOOKMARK [2][-]{subsection.3.6}{Treap}{section.3}% 49
\BOOKMARK [2][-]{subsection.3.7}{Slpay}{section.3}% 50
\BOOKMARK [1][-]{section.4}{Graph\040Theory}{}% 51
\BOOKMARK [2][-]{subsection.4.1}{Union-Find\040Set}{section.4}% 52
\BOOKMARK [2][-]{subsection.4.2}{Minimal\040Spanning\040Tree}{section.4}% 53
\BOOKMARK [3][-]{subsubsection.4.2.1}{Kruskal}{subsection.4.2}% 54
\BOOKMARK [3][-]{subsubsection.4.2.2}{Prim}{subsection.4.2}% 55
\BOOKMARK [2][-]{subsection.4.3}{Shortest\040Path}{section.4}% 56
\BOOKMARK [3][-]{subsubsection.4.3.1}{Dijkstra}{subsection.4.3}% 57
\BOOKMARK [3][-]{subsubsection.4.3.2}{SPFA}{subsection.4.3}% 58
\BOOKMARK [3][-]{subsubsection.4.3.3}{Floyd}{subsection.4.3}% 59
\BOOKMARK [2][-]{subsection.4.4}{Topo\040Sort}{section.4}% 60
\BOOKMARK [3][-]{subsubsection.4.4.1}{Matrix}{subsection.4.4}% 61
\BOOKMARK [3][-]{subsubsection.4.4.2}{List}{subsection.4.4}% 62
\BOOKMARK [2][-]{subsection.4.5}{LCA}{section.4}% 63
\BOOKMARK [3][-]{subsubsection.4.5.1}{Tarjan}{subsection.4.5}% 64
\BOOKMARK [3][-]{subsubsection.4.5.2}{DFS+ST}{subsection.4.5}% 65
\BOOKMARK [2][-]{subsection.4.6}{Biconnected\040Component}{section.4}% 66
\BOOKMARK [2][-]{subsection.4.7}{Strongly\040Connected\040Component}{section.4}% 67
\BOOKMARK [2][-]{subsection.4.8}{Bipartite\040Graph\040Matching}{section.4}% 68
\BOOKMARK [3][-]{subsubsection.4.8.1}{Hungry\(Matrix\)}{subsection.4.8}% 69
\BOOKMARK [3][-]{subsubsection.4.8.2}{Hungry\(List\)}{subsection.4.8}% 70
\BOOKMARK [3][-]{subsubsection.4.8.3}{Hopcroft-Carp}{subsection.4.8}% 71
\BOOKMARK [3][-]{subsubsection.4.8.4}{Hungry\(Multiple\)}{subsection.4.8}% 72
\BOOKMARK [3][-]{subsubsection.4.8.5}{Kuhn-Munkres}{subsection.4.8}% 73
\BOOKMARK [2][-]{subsection.4.9}{Network\040Flow}{section.4}% 74
\BOOKMARK [3][-]{subsubsection.4.9.1}{EdmondKarp}{subsection.4.9}% 75
\BOOKMARK [3][-]{subsubsection.4.9.2}{Dinic}{subsection.4.9}% 76
\BOOKMARK [3][-]{subsubsection.4.9.3}{ISAP}{subsection.4.9}% 77
\BOOKMARK [3][-]{subsubsection.4.9.4}{MinCost\040MaxFlow}{subsection.4.9}% 78
\BOOKMARK [2][-]{subsection.4.10}{2-SAT}{section.4}% 79
\BOOKMARK [2][-]{subsection.4.11}{Eular\040Path}{section.4}% 80
\BOOKMARK [3][-]{subsubsection.4.11.1}{Fleury}{subsection.4.11}% 81
\BOOKMARK [1][-]{section.5}{Computational\040Geometry}{}% 82
\BOOKMARK [2][-]{subsection.5.1}{Basic\040Function}{section.5}% 83
\BOOKMARK [2][-]{subsection.5.2}{Position}{section.5}% 84
\BOOKMARK [3][-]{subsubsection.5.2.1}{Point-Point}{subsection.5.2}% 85
\BOOKMARK [3][-]{subsubsection.5.2.2}{Line-Line}{subsection.5.2}% 86
\BOOKMARK [3][-]{subsubsection.5.2.3}{Segment-Segment}{subsection.5.2}% 87
\BOOKMARK [3][-]{subsubsection.5.2.4}{Line-Segment}{subsection.5.2}% 88
\BOOKMARK [3][-]{subsubsection.5.2.5}{Point-Line}{subsection.5.2}% 89
\BOOKMARK [3][-]{subsubsection.5.2.6}{Point-Segment}{subsection.5.2}% 90
\BOOKMARK [3][-]{subsubsection.5.2.7}{Point\040on\040Segment}{subsection.5.2}% 91
\BOOKMARK [2][-]{subsection.5.3}{Polygon}{section.5}% 92
\BOOKMARK [3][-]{subsubsection.5.3.1}{Area}{subsection.5.3}% 93
\BOOKMARK [3][-]{subsubsection.5.3.2}{Point\040in\040Convex}{subsection.5.3}% 94
\BOOKMARK [3][-]{subsubsection.5.3.3}{Point\040in\040Polygon}{subsection.5.3}% 95
\BOOKMARK [3][-]{subsubsection.5.3.4}{Judge\040Convex}{subsection.5.3}% 96
\BOOKMARK [2][-]{subsection.5.4}{Integer\040Points}{section.5}% 97
\BOOKMARK [3][-]{subsubsection.5.4.1}{On\040Segment}{subsection.5.4}% 98
\BOOKMARK [3][-]{subsubsection.5.4.2}{On\040Polygon\040Edge}{subsection.5.4}% 99
\BOOKMARK [3][-]{subsubsection.5.4.3}{Inside\040Polygon}{subsection.5.4}% 100
\BOOKMARK [2][-]{subsection.5.5}{Circle}{section.5}% 101
\BOOKMARK [3][-]{subsubsection.5.5.1}{Circumcenter}{subsection.5.5}% 102
\BOOKMARK [1][-]{section.6}{Dynamic\040Programming}{}% 103
\BOOKMARK [2][-]{subsection.6.1}{Subsequence}{section.6}% 104
\BOOKMARK [3][-]{subsubsection.6.1.1}{Max\040Sum}{subsection.6.1}% 105
\BOOKMARK [3][-]{subsubsection.6.1.2}{Longest\040Increase}{subsection.6.1}% 106
\BOOKMARK [3][-]{subsubsection.6.1.3}{Longest\040Common\040Increase}{subsection.6.1}% 107
\BOOKMARK [2][-]{subsection.6.2}{Digit\040Statistics}{section.6}% 108
\BOOKMARK [1][-]{section.7}{Others}{}% 109
\BOOKMARK [2][-]{subsection.7.1}{Matrix}{section.7}% 110
\BOOKMARK [3][-]{subsubsection.7.1.1}{Matrix\040FastPow}{subsection.7.1}% 111
\BOOKMARK [3][-]{subsubsection.7.1.2}{Gauss\040Elimination}{subsection.7.1}% 112
\BOOKMARK [2][-]{subsection.7.2}{Tricks}{section.7}% 113
\BOOKMARK [3][-]{subsubsection.7.2.1}{Stack-Overflow}{subsection.7.2}% 114
\BOOKMARK [3][-]{subsubsection.7.2.2}{Fast-Scanner}{subsection.7.2}% 115
\BOOKMARK [3][-]{subsubsection.7.2.3}{Strok-Sscanf}{subsection.7.2}% 116
\BOOKMARK [2][-]{subsection.7.3}{Mo}{section.7}% 117
\BOOKMARK [2][-]{subsection.7.4}{BigNum}{section.7}% 118
\BOOKMARK [3][-]{subsubsection.7.4.1}{High-precision}{subsection.7.4}% 119
\BOOKMARK [3][-]{subsubsection.7.4.2}{Complete\040High-precision}{subsection.7.4}% 120
\BOOKMARK [2][-]{subsection.7.5}{VIM}{section.7}% 121
